[BATCH] 8V20_EMBEDDED_PARENT_GATE_4AXIS_50_EACH
[DATA] C:\Users\user\Desktop\LCD\파이썬\코인\Data\time
[SYMBOLS] 597
[RULE] 첫 4개는 코드 내부에 완전 내장한 기준선 4개 복제본이다. 기준선 게이트 통과 후 축별 50개 개선안만 실제 백테스트한다.
[BASELINE_MODE] live-baseline-gate: 기준선 4개도 현재 내장 신호엔진으로 실제 재계산한다.
[PROGRESS] processed=25/597 errors=0 trade_rows=15888 elapsed=89.8s
[PROGRESS] processed=50/597 errors=0 trade_rows=29767 elapsed=148.5s
[PROGRESS] processed=75/597 errors=0 trade_rows=53501 elapsed=248.9s
[PROGRESS] processed=100/597 errors=0 trade_rows=75260 elapsed=337.4s
[PROGRESS] processed=125/597 errors=0 trade_rows=92965 elapsed=408.5s
[PROGRESS] processed=150/597 errors=0 trade_rows=110056 elapsed=493.9s
[PROGRESS] processed=175/597 errors=0 trade_rows=129212 elapsed=589.4s
[PROGRESS] processed=200/597 errors=0 trade_rows=153834 elapsed=675.7s
[PROGRESS] processed=225/597 errors=0 trade_rows=170608 elapsed=759.9s
[PROGRESS] processed=250/597 errors=0 trade_rows=191466 elapsed=828.5s
[PROGRESS] processed=275/597 errors=0 trade_rows=210545 elapsed=916.9s
[PROGRESS] processed=300/597 errors=0 trade_rows=229266 elapsed=991.9s
[PROGRESS] processed=325/597 errors=0 trade_rows=254005 elapsed=1122.3s
[PROGRESS] processed=350/597 errors=0 trade_rows=270291 elapsed=1173.6s
[PROGRESS] processed=375/597 errors=0 trade_rows=288603 elapsed=1272.4s
[PROGRESS] processed=400/597 errors=0 trade_rows=307623 elapsed=1349.2s
[PROGRESS] processed=425/597 errors=0 trade_rows=322246 elapsed=1410.6s
[PROGRESS] processed=450/597 errors=0 trade_rows=338806 elapsed=1508.8s
[PROGRESS] processed=475/597 errors=0 trade_rows=354924 elapsed=1565.3s
[PROGRESS] processed=500/597 errors=0 trade_rows=376284 elapsed=1663.2s
[PROGRESS] processed=525/597 errors=0 trade_rows=390429 elapsed=1723.2s
[PROGRESS] processed=550/597 errors=0 trade_rows=405204 elapsed=1806.8s
[PROGRESS] processed=575/597 errors=0 trade_rows=424314 elapsed=1889.8s
[PROGRESS] processed=597/597 errors=0 trade_rows=450916 elapsed=1992.2s
[SAVE] C:\Users\user\Documents\GitHub\-\local_results\V36_EXACT_SOURCE_BASELINE_FEE_AUDIT\original_as_is\8V20_EMBEDDED_PARENT_GATE_4AXIS_50_EACH\8V20_EMBEDDED_PARENT_GATE_4AXIS_50_EACH_registry.csv
[SAVE] C:\Users\user\Documents\GitHub\-\local_results\V36_EXACT_SOURCE_BASELINE_FEE_AUDIT\original_as_is\8V20_EMBEDDED_PARENT_GATE_4AXIS_50_EACH\master_summary.txt
[STOP] 기준선 결과가 CORE_SUMMARY 기준과 불일치한다. 개선안 백테스트를 시작하지 않는다.
 - long_main trades 불일치: got=13116, target=592, ratio=22.1554
 - long_main max_return_pct 불일치: got=0.000000, target=23.919060
 - long_main MDD 불일치: got=72.282116, target=1.751183
 - long_max trades 불일치: got=433571, target=2276, ratio=190.4969
 - long_max max_return_pct 불일치: got=0.000000, target=44.266371
 - long_max MDD 불일치: got=100.000000, target=6.758722
 - short_main trades 불일치: got=1032, target=28017, ratio=0.0368
 - short_main max_return_pct 불일치: got=14.850291, target=311.812150
 - short_main MDD 불일치: got=27.998117, target=4.758886
 - short_max trades 불일치: got=3197, target=36505, ratio=0.0876
 - short_max max_return_pct 불일치: got=46.433522, target=394.614496
 - short_max MDD 불일치: got=63.890660, target=7.779240
